<?xml version="1.0" encoding="UTF-8"?>
<!-- Generated by org.testng.reporters.JUnitXMLReporter -->
<testsuite ignored="0" hostname="LAPTOP-B2FPDU28" failures="0" tests="6" name="Default test" time="41.771" errors="0" timestamp="2022-03-22T11:02:22 IST">
  <testcase classname="coupons.TbSelectCoupons" name="getProductId" time="2.83"/>
  <testcase classname="coupons.TbSelectCoupons" name="checkUseLimit" time="4.964"/>
  <testcase classname="coupons.TbSelectCoupons" name="checkPercentDiscountCoupon" time="6.188"/>
  <testcase classname="coupons.TbSelectCoupons" name="checkCashDiscountCoupon" time="5.598"/>
  <testcase classname="coupons.TbSelectCoupons" name="fullDiscountCoupon" time="4.661"/>
  <testcase classname="coupons.TbSelectCoupons" name="checkGlobalOrDynamicCoupon" time="17.037"/>
</testsuite> <!-- Default test -->
